<?xml version="1.0" encoding="UTF-8"?>
<testng-results ignored="0" total="1" passed="1" failed="0" skipped="0">
  <reporter-output>
  </reporter-output>
  <suite started-at="2025-11-17T16:01:21 IST" name="Default suite" finished-at="2025-11-17T16:01:24 IST" duration-ms="3334">
    <groups>
    </groups>
    <test started-at="2025-11-17T16:01:21 IST" name="Default test" finished-at="2025-11-17T16:01:24 IST" duration-ms="3334">
      <class name="APITestingUsingRestAssured.CreateUser">
        <test-method signature="test_createUser()[pri:0, instance:APITestingUsingRestAssured.CreateUser@4c583ecf]" started-at="2025-11-17T16:01:21 IST" name="test_createUser" finished-at="2025-11-17T16:01:24 IST" duration-ms="3286" status="PASS">
          <reporter-output>
          </reporter-output>
        </test-method> <!-- test_createUser -->
      </class> <!-- APITestingUsingRestAssured.CreateUser -->
    </test> <!-- Default test -->
  </suite> <!-- Default suite -->
</testng-results>
