<?xml version="1.0" encoding="UTF-8"?>
<!-- Generated by org.testng.reporters.JUnitReportReporter -->
<testsuite hostname="DESKTOP-O2UPVSI" failures="0" tests="4" name="api.test.UserTestsUsingRouteProperties" time="7.241" errors="0" timestamp="2025-03-11T10:57:07 IST" skipped="0">
  <testcase classname="api.test.UserTestsUsingRouteProperties" name="testCreateUser" time="3.212"/>
  <testcase classname="api.test.UserTestsUsingRouteProperties" name="testGetUser" time="1.336"/>
  <testcase classname="api.test.UserTestsUsingRouteProperties" name="testUpdateUser" time="1.330"/>
  <testcase classname="api.test.UserTestsUsingRouteProperties" name="testDeleteUser" time="1.363"/>
</testsuite> <!-- api.test.UserTestsUsingRouteProperties -->
