<?xml version="1.0" encoding="UTF-8"?>
<!-- Generated by org.testng.reporters.JUnitReportReporter -->
<testsuite hostname="DESKTOP-O2UPVSI" failures="0" tests="4" name="api.test.UserTests" time="9.834" errors="0" timestamp="2025-03-10T17:07:17 IST" skipped="0">
  <testcase classname="api.test.UserTests" name="testCreateUser" time="5.411"/>
  <testcase classname="api.test.UserTests" name="testGetUser" time="1.509"/>
  <testcase classname="api.test.UserTests" name="testUpdateUser" time="1.433"/>
  <testcase classname="api.test.UserTests" name="testDeleteUser" time="1.481"/>
</testsuite> <!-- api.test.UserTests -->
