<?xml version="1.0" encoding="UTF-8"?>
<testng-results ignored="0" total="4" passed="4" failed="0" skipped="0">
  <reporter-output>
  </reporter-output>
  <suite started-at="2025-03-11T10:56:59 IST" name="PetSuite" finished-at="2025-03-11T10:57:07 IST" duration-ms="8109">
    <groups>
    </groups>
    <test started-at="2025-03-11T10:56:59 IST" name="PetTest" finished-at="2025-03-11T10:57:07 IST" duration-ms="8109">
      <class name="api.test.UserTestsUsingRouteProperties">
        <test-method is-config="true" signature="setupData()[pri:0, instance:api.test.UserTestsUsingRouteProperties@41d477ed]" started-at="2025-03-11T10:56:59 IST" name="setupData" finished-at="2025-03-11T10:57:00 IST" duration-ms="638" status="PASS">
          <reporter-output>
          </reporter-output>
        </test-method> <!-- setupData -->
        <test-method signature="testCreateUser()[pri:1, instance:api.test.UserTestsUsingRouteProperties@41d477ed]" started-at="2025-03-11T10:57:00 IST" name="testCreateUser" finished-at="2025-03-11T10:57:03 IST" duration-ms="3212" status="PASS">
          <reporter-output>
          </reporter-output>
        </test-method> <!-- testCreateUser -->
        <test-method signature="testGetUser()[pri:2, instance:api.test.UserTestsUsingRouteProperties@41d477ed]" started-at="2025-03-11T10:57:03 IST" name="testGetUser" finished-at="2025-03-11T10:57:04 IST" duration-ms="1336" status="PASS">
          <reporter-output>
          </reporter-output>
        </test-method> <!-- testGetUser -->
        <test-method signature="testUpdateUser()[pri:3, instance:api.test.UserTestsUsingRouteProperties@41d477ed]" started-at="2025-03-11T10:57:04 IST" name="testUpdateUser" finished-at="2025-03-11T10:57:05 IST" duration-ms="1330" status="PASS">
          <reporter-output>
          </reporter-output>
        </test-method> <!-- testUpdateUser -->
        <test-method signature="testDeleteUser()[pri:4, instance:api.test.UserTestsUsingRouteProperties@41d477ed]" started-at="2025-03-11T10:57:05 IST" name="testDeleteUser" finished-at="2025-03-11T10:57:07 IST" duration-ms="1363" status="PASS">
          <reporter-output>
          </reporter-output>
        </test-method> <!-- testDeleteUser -->
      </class> <!-- api.test.UserTestsUsingRouteProperties -->
    </test> <!-- PetTest -->
  </suite> <!-- PetSuite -->
</testng-results>
