<?xml version="1.0" encoding="UTF-8"?>
<testng-results ignored="0" total="2" passed="2" failed="0" skipped="0">
  <reporter-output>
  </reporter-output>
  <suite started-at="2026-02-04T15:03:04 IST" name="Default suite" finished-at="2026-02-04T15:03:04 IST" duration-ms="98">
    <groups>
    </groups>
    <test started-at="2026-02-04T15:03:04 IST" name="Default test" finished-at="2026-02-04T15:03:04 IST" duration-ms="98">
      <class name="day23.AnnotationsDemo1">
        <test-method is-config="true" signature="login()[pri:0, instance:day23.AnnotationsDemo1@5e0e82ae]" started-at="2026-02-04T15:03:04 IST" name="login" finished-at="2026-02-04T15:03:04 IST" duration-ms="10" status="PASS">
          <reporter-output>
          </reporter-output>
        </test-method> <!-- login -->
        <test-method signature="search()[pri:1, instance:day23.AnnotationsDemo1@5e0e82ae]" started-at="2026-02-04T15:03:04 IST" name="search" finished-at="2026-02-04T15:03:04 IST" duration-ms="13" status="PASS">
          <reporter-output>
          </reporter-output>
        </test-method> <!-- search -->
        <test-method is-config="true" signature="logout()[pri:0, instance:day23.AnnotationsDemo1@5e0e82ae]" started-at="2026-02-04T15:03:04 IST" name="logout" finished-at="2026-02-04T15:03:04 IST" duration-ms="1" status="PASS">
          <reporter-output>
          </reporter-output>
        </test-method> <!-- logout -->
        <test-method is-config="true" signature="login()[pri:0, instance:day23.AnnotationsDemo1@5e0e82ae]" started-at="2026-02-04T15:03:04 IST" name="login" finished-at="2026-02-04T15:03:04 IST" duration-ms="1" status="PASS">
          <reporter-output>
          </reporter-output>
        </test-method> <!-- login -->
        <test-method signature="advancedSearch()[pri:2, instance:day23.AnnotationsDemo1@5e0e82ae]" started-at="2026-02-04T15:03:04 IST" name="advancedSearch" finished-at="2026-02-04T15:03:04 IST" duration-ms="5" status="PASS">
          <reporter-output>
          </reporter-output>
        </test-method> <!-- advancedSearch -->
        <test-method is-config="true" signature="logout()[pri:0, instance:day23.AnnotationsDemo1@5e0e82ae]" started-at="2026-02-04T15:03:04 IST" name="logout" finished-at="2026-02-04T15:03:04 IST" duration-ms="2" status="PASS">
          <reporter-output>
          </reporter-output>
        </test-method> <!-- logout -->
      </class> <!-- day23.AnnotationsDemo1 -->
    </test> <!-- Default test -->
  </suite> <!-- Default suite -->
</testng-results>
