<?xml version="1.0" encoding="UTF-8"?>
<!-- Generated by org.testng.reporters.JUnitXMLReporter -->
<testsuite ignored="0" hostname="DESKTOP-O2UPVSI" failures="1" tests="7" name="Test" time="11.975" errors="0" timestamp="2025-04-05T14:30:04 IST">
  <testcase classname="api.test.UserTests" name="testCreateUser" time="2.959"/>
  <testcase classname="api.test.UserTests" name="testGetUser" time="1.204"/>
  <testcase classname="api.test.UserTests" name="testUpdateUser" time="1.152"/>
  <testcase classname="api.test.UserTests" name="testDeleteUser" time="1.129">
    <failure type="java.lang.AssertionError" message="expected [200] but found [404]">
      <![CDATA[java.lang.AssertionError: expected [200] but found [404]
at api.test.UserTests.testDeleteUser(UserTests.java:92)
at java.base/java.util.ArrayList.forEach(ArrayList.java:1597)
... Removed 32 stack frames]]>
    </failure>
  </testcase> <!-- testDeleteUser -->
  <testcase classname="api.test.DDTests" name="testPostUser" time="1.185"/>
  <testcase classname="api.test.DDTests" name="testPostUser" time="1.319"/>
  <testcase classname="api.test.DDTests" name="testPostUser" time="1.191"/>
</testsuite> <!-- Test -->
