<?xml version="1.0" encoding="UTF-8"?>
<!-- Generated by org.testng.reporters.JUnitReportReporter -->
<testsuite hostname="DESKTOP-I3RSF9F" failures="0" tests="3" name="day22.FirstTestCase" time="0.015" errors="0" timestamp="2026-02-04T14:34:32 IST" skipped="0">
  <testcase classname="day22.FirstTestCase" name="openapp" time="0.004"/>
  <testcase classname="day22.FirstTestCase" name="login" time="0.005"/>
  <testcase classname="day22.FirstTestCase" name="logout" time="0.006"/>
</testsuite> <!-- day22.FirstTestCase -->
