<?xml version="1.0" encoding="UTF-8"?>
<!-- Generated by org.testng.reporters.JUnitReportReporter -->
<testsuite hostname="DESKTOP-I3RSF9F" failures="0" tests="4" name="day22.OrangeHRMTest" time="8.377" errors="0" timestamp="2026-02-04T14:34:32 IST" skipped="0">
  <testcase classname="day22.OrangeHRMTest" name="openApp" time="6.858"/>
  <testcase classname="day22.OrangeHRMTest" name="testLogo" time="0.811"/>
  <testcase classname="day22.OrangeHRMTest" name="testLogin" time="0.477"/>
  <testcase classname="day22.OrangeHRMTest" name="closeApp" time="0.231"/>
</testsuite> <!-- day22.OrangeHRMTest -->
