<?xml version="1.0" encoding="UTF-8"?>
<!-- Generated by org.testng.reporters.JUnitReportReporter -->
<testsuite hostname="DESKTOP-O2UPVSI" failures="0" tests="4" name="day1.HTTPRequests" time="3.988" errors="0" timestamp="2025-02-21T17:50:35 IST" skipped="0">
  <testcase classname="day1.HTTPRequests" name="getUsers" time="2.477"/>
  <testcase classname="day1.HTTPRequests" name="createUser" time="0.715"/>
  <testcase classname="day1.HTTPRequests" name="updateUser" time="0.416"/>
  <testcase classname="day1.HTTPRequests" name="deleteUser" time="0.380"/>
</testsuite> <!-- day1.HTTPRequests -->
