<?xml version="1.0" encoding="UTF-8"?>
<!-- Generated by org.testng.reporters.JUnitReportReporter -->
<testsuite hostname="DESKTOP-O2UPVSI" failures="0" tests="4" name="RestAss.CreatedAPIHTTPRequests" time="2.043" errors="0" timestamp="2025-02-22T14:46:19 IST" skipped="0">
  <testcase classname="RestAss.CreatedAPIHTTPRequests" name="getStudents" time="1.148"/>
  <testcase classname="RestAss.CreatedAPIHTTPRequests" name="createStudent" time="0.861"/>
  <testcase classname="RestAss.CreatedAPIHTTPRequests" name="updateStudent" time="0.020"/>
  <testcase classname="RestAss.CreatedAPIHTTPRequests" name="deleteStudent" time="0.014"/>
</testsuite> <!-- RestAss.CreatedAPIHTTPRequests -->
