<?xml version="1.0" encoding="UTF-8"?>
<!-- Generated by org.testng.reporters.JUnitReportReporter -->
<testsuite hostname="DESKTOP-O2UPVSI" failures="0" tests="5" name="RestAss.Authentications" time="11.198" errors="0" timestamp="2025-03-06T14:56:08 IST" skipped="0">
  <testcase classname="RestAss.Authentications" name="testBasicAuthentication" time="5.642"/>
  <testcase classname="RestAss.Authentications" name="testDigestAuthentication" time="3.246"/>
  <testcase classname="RestAss.Authentications" name="testPreemptiveAuthentication" time="1.527"/>
  <testcase classname="RestAss.Authentications" name="testOAuth2Authentication" time="0.524"/>
  <testcase classname="RestAss.Authentications" name="testAPIKeyAuthentication" time="0.259"/>
</testsuite> <!-- RestAss.Authentications -->
