<?xml version="1.0" encoding="UTF-8"?>
<!-- Generated by org.testng.reporters.JUnitReportReporter -->
<testsuite hostname="DESKTOP-O2UPVSI" failures="0" tests="4" name="RestAss.HTTPRequests" time="6.072" errors="0" timestamp="2025-02-24T14:56:21 IST" skipped="0">
  <testcase classname="RestAss.HTTPRequests" name="getUsers" time="4.173"/>
  <testcase classname="RestAss.HTTPRequests" name="createUser" time="0.959"/>
  <testcase classname="RestAss.HTTPRequests" name="updateUser" time="0.489"/>
  <testcase classname="RestAss.HTTPRequests" name="deleteUser" time="0.451"/>
</testsuite> <!-- RestAss.HTTPRequests -->
