<?xml version="1.0" encoding="UTF-8"?>
<!-- Generated by org.testng.reporters.JUnitXMLReporter -->
<testsuite ignored="0" hostname="DESKTOP-I3RSF9F" failures="0" tests="7" name="mytest" time="8.527" errors="0" timestamp="2026-02-04T14:34:31 IST">
  <testcase classname="day22.OrangeHRMTest" name="openApp" time="6.858"/>
  <testcase classname="day22.OrangeHRMTest" name="testLogo" time="0.811"/>
  <testcase classname="day22.OrangeHRMTest" name="testLogin" time="0.477"/>
  <testcase classname="day22.OrangeHRMTest" name="closeApp" time="0.231"/>
  <testcase classname="day22.FirstTestCase" name="openapp" time="0.004"/>
  <testcase classname="day22.FirstTestCase" name="login" time="0.005"/>
  <testcase classname="day22.FirstTestCase" name="logout" time="0.006"/>
</testsuite> <!-- mytest -->
