<?xml version="1.0" encoding="UTF-8"?>
<!-- Generated by org.testng.reporters.JUnitXMLReporter -->
<testsuite ignored="0" hostname="DESKTOP-I3RSF9F" failures="0" tests="4" name="Test" time="7.46" errors="0" timestamp="2026-02-04T14:16:48 IST">
  <testcase classname="day22.OrangeHRMTest" name="openApp" time="6.194"/>
  <testcase classname="day22.OrangeHRMTest" name="testLogo" time="0.591"/>
  <testcase classname="day22.OrangeHRMTest" name="testLogin" time="0.348"/>
  <testcase classname="day22.OrangeHRMTest" name="closeApp" time="0.231"/>
</testsuite> <!-- Test -->
