<?xml version="1.0" encoding="UTF-8"?>
<!-- Generated by org.testng.reporters.JUnitXMLReporter -->
<testsuite ignored="0" hostname="DESKTOP-O2UPVSI" failures="0" tests="4" name="PetTest" time="8.109" errors="0" timestamp="2025-03-11T10:57:07 IST">
  <testcase classname="api.test.UserTestsUsingRouteProperties" name="testCreateUser" time="3.212"/>
  <testcase classname="api.test.UserTestsUsingRouteProperties" name="testGetUser" time="1.336"/>
  <testcase classname="api.test.UserTestsUsingRouteProperties" name="testUpdateUser" time="1.33"/>
  <testcase classname="api.test.UserTestsUsingRouteProperties" name="testDeleteUser" time="1.363"/>
</testsuite> <!-- PetTest -->
