<?xml version="1.0" encoding="UTF-8"?>
<!-- Generated by org.testng.reporters.JUnitReportReporter -->
<testsuite hostname="DESKTOP-O2UPVSI" failures="0" tests="4" name="api.test.UserTestsUsingRouteProperties" time="7.046" errors="0" timestamp="2025-03-11T10:08:42 IST" skipped="0">
  <testcase classname="api.test.UserTestsUsingRouteProperties" name="testCreateUser" time="3.163"/>
  <testcase classname="api.test.UserTestsUsingRouteProperties" name="testGetUser" time="1.325"/>
  <testcase classname="api.test.UserTestsUsingRouteProperties" name="testUpdateUser" time="1.288"/>
  <testcase classname="api.test.UserTestsUsingRouteProperties" name="testDeleteUser" time="1.270"/>
</testsuite> <!-- api.test.UserTestsUsingRouteProperties -->
