<?xml version="1.0" encoding="UTF-8"?>
<!-- Generated by org.testng.reporters.JUnitReportReporter -->
<testsuite hostname="DESKTOP-O2UPVSI" failures="0" tests="3" name="api.test.DDTests" time="3.695" errors="0" timestamp="2025-04-05T14:30:04 IST" skipped="0">
  <testcase classname="api.test.DDTests" name="testPostUser" time="1.185"/>
  <testcase classname="api.test.DDTests" name="testPostUser" time="1.191"/>
  <testcase classname="api.test.DDTests" name="testPostUser" time="1.319"/>
</testsuite> <!-- api.test.DDTests -->
